c:\users\vigne\githubrepos\gameengine\gameengine\gameengine\x64\debug\vc143.pdb
c:\users\vigne\githubrepos\gameengine\gameengine\gameengine\x64\debug\vc143.idb
c:\users\vigne\githubrepos\gameengine\gameengine\gameengine\x64\debug\glad.obj
c:\users\vigne\githubrepos\gameengine\gameengine\gameengine\x64\debug\main.obj
c:\users\vigne\githubrepos\gameengine\gameengine\gameengine\x64\debug\stb.obj
c:\users\vigne\githubrepos\gameengine\gameengine\gameengine\x64\debug\shader.obj
c:\users\vigne\githubrepos\gameengine\gameengine\gameengine\x64\debug\mouse.obj
c:\users\vigne\githubrepos\gameengine\gameengine\gameengine\x64\debug\keyboard.obj
c:\users\vigne\githubrepos\gameengine\gameengine\gameengine\x64\debug\camera.obj
c:\users\vigne\githubrepos\gameengine\gameengine\gameengine\x64\debug\model.obj
c:\users\vigne\githubrepos\gameengine\gameengine\gameengine\x64\debug\mesh.obj
c:\users\vigne\githubrepos\gameengine\gameengine\gameengine\x64\debug\gameobject.obj
c:\users\vigne\githubrepos\gameengine\gameengine\gameengine\x64\debug\component.obj
c:\users\vigne\githubrepos\gameengine\gameengine\x64\debug\gameengine.exe
c:\users\vigne\githubrepos\gameengine\gameengine\x64\debug\gameengine.pdb
c:\users\vigne\githubrepos\gameengine\gameengine\gameengine\x64\debug\gameengine.ilk
c:\users\vigne\githubrepos\gameengine\gameengine\gameengine\x64\debug\gameengine.tlog\cl.command.1.tlog
c:\users\vigne\githubrepos\gameengine\gameengine\gameengine\x64\debug\gameengine.tlog\cl.items.tlog
c:\users\vigne\githubrepos\gameengine\gameengine\gameengine\x64\debug\gameengine.tlog\cl.read.1.tlog
c:\users\vigne\githubrepos\gameengine\gameengine\gameengine\x64\debug\gameengine.tlog\cl.write.1.tlog
c:\users\vigne\githubrepos\gameengine\gameengine\gameengine\x64\debug\gameengine.tlog\link-cvtres.read.1.tlog
c:\users\vigne\githubrepos\gameengine\gameengine\gameengine\x64\debug\gameengine.tlog\link-cvtres.write.1.tlog
c:\users\vigne\githubrepos\gameengine\gameengine\gameengine\x64\debug\gameengine.tlog\link-rc.read.1.tlog
c:\users\vigne\githubrepos\gameengine\gameengine\gameengine\x64\debug\gameengine.tlog\link-rc.write.1.tlog
c:\users\vigne\githubrepos\gameengine\gameengine\gameengine\x64\debug\gameengine.tlog\link.16116-cvtres.read.1.tlog
c:\users\vigne\githubrepos\gameengine\gameengine\gameengine\x64\debug\gameengine.tlog\link.16116-cvtres.write.1.tlog
c:\users\vigne\githubrepos\gameengine\gameengine\gameengine\x64\debug\gameengine.tlog\link.16116-rc.read.1.tlog
c:\users\vigne\githubrepos\gameengine\gameengine\gameengine\x64\debug\gameengine.tlog\link.16116-rc.write.1.tlog
c:\users\vigne\githubrepos\gameengine\gameengine\gameengine\x64\debug\gameengine.tlog\link.16116.read.1.tlog
c:\users\vigne\githubrepos\gameengine\gameengine\gameengine\x64\debug\gameengine.tlog\link.16116.read.2.tlog
c:\users\vigne\githubrepos\gameengine\gameengine\gameengine\x64\debug\gameengine.tlog\link.16116.read.3.tlog
c:\users\vigne\githubrepos\gameengine\gameengine\gameengine\x64\debug\gameengine.tlog\link.16116.read.4.tlog
c:\users\vigne\githubrepos\gameengine\gameengine\gameengine\x64\debug\gameengine.tlog\link.16116.write.1.tlog
c:\users\vigne\githubrepos\gameengine\gameengine\gameengine\x64\debug\gameengine.tlog\link.command.1.tlog
c:\users\vigne\githubrepos\gameengine\gameengine\gameengine\x64\debug\gameengine.tlog\link.read.1.tlog
c:\users\vigne\githubrepos\gameengine\gameengine\gameengine\x64\debug\gameengine.tlog\link.read.2.tlog
c:\users\vigne\githubrepos\gameengine\gameengine\gameengine\x64\debug\gameengine.tlog\link.read.3.tlog
c:\users\vigne\githubrepos\gameengine\gameengine\gameengine\x64\debug\gameengine.tlog\link.read.4.tlog
c:\users\vigne\githubrepos\gameengine\gameengine\gameengine\x64\debug\gameengine.tlog\link.secondary.1.tlog
c:\users\vigne\githubrepos\gameengine\gameengine\gameengine\x64\debug\gameengine.tlog\link.write.1.tlog
